# JRE version: Java(TM) SE Runtime Environment (8.0_144-b01) (build 1.8.0_144-b01)
# Java VM: Java HotSpot(TM) 64-Bit Server VM (25.144-b01 mixed mode windows-amd64 compressed oops)
Heap:
 PSYoungGen      total 53248K, used 2571K [0x00000000e0000000, 0x00000000e3800000, 0x0000000100000000)
  eden space 49152K, 0% used [0x00000000e0000000,0x00000000e0000000,0x00000000e3000000)
  from space 4096K, 62% used [0x00000000e3400000,0x00000000e3682cb0,0x00000000e3800000)
  to   space 4096K, 0% used [0x00000000e3000000,0x00000000e3000000,0x00000000e3400000)
 ParOldGen       total 40448K, used 18659K [0x00000000a0000000, 0x00000000a2780000, 0x00000000e0000000)
  object space 40448K, 46% used [0x00000000a0000000,0x00000000a1238e58,0x00000000a2780000)
 Metaspace       used 33863K, capacity 35354K, committed 35456K, reserved 1079296K
  class space    used 4369K, capacity 4673K, committed 4736K, reserved 1048576K
GC Heap History (10 events):
Event: 5.396 GC heap after
Heap after GC invocations=8 (full 1):
 PSYoungGen      total 53248K, used 3048K [0x00000000e0000000, 0x00000000e3800000, 0x0000000100000000)
  eden space 49152K, 0% used [0x00000000e0000000,0x00000000e0000000,0x00000000e3000000)
  from space 4096K, 74% used [0x00000000e3000000,0x00000000e32fa2f8,0x00000000e3400000)
  to   space 4096K, 0% used [0x00000000e3400000,0x00000000e3400000,0x00000000e3800000)
 ParOldGen       total 40448K, used 6882K [0x00000000a0000000, 0x00000000a2780000, 0x00000000e0000000)
  object space 40448K, 17% used [0x00000000a0000000,0x00000000a06b89e8,0x00000000a2780000)
 Metaspace       used 23378K, capacity 24068K, committed 24320K, reserved 1071104K
  class space    used 3035K, capacity 3224K, committed 3328K, reserved 1048576K
}
Event: 6.271 GC heap before
{Heap before GC invocations=9 (full 1):
 PSYoungGen      total 53248K, used 52200K [0x00000000e0000000, 0x00000000e3800000, 0x0000000100000000)
  eden space 49152K, 100% used [0x00000000e0000000,0x00000000e3000000,0x00000000e3000000)
  from space 4096K, 74% used [0x00000000e3000000,0x00000000e32fa2f8,0x00000000e3400000)
  to   space 4096K, 0% used [0x00000000e3400000,0x00000000e3400000,0x00000000e3800000)
 ParOldGen       total 40448K, used 6882K [0x00000000a0000000, 0x00000000a2780000, 0x00000000e0000000)
  object space 40448K, 17% used [0x00000000a0000000,0x00000000a06b89e8,0x00000000a2780000)
 Metaspace       used 25191K, capacity 25964K, committed 26112K, reserved 1071104K
  class space    used 3287K, capacity 3506K, committed 3584K, reserved 1048576K
Event: 6.280 GC heap after
Heap after GC invocations=9 (full 1):
 PSYoungGen      total 53248K, used 4075K [0x00000000e0000000, 0x00000000e3800000, 0x0000000100000000)
  eden space 49152K, 0% used [0x00000000e0000000,0x00000000e0000000,0x00000000e3000000)
  from space 4096K, 99% used [0x00000000e3400000,0x00000000e37facb0,0x00000000e3800000)
  to   space 4096K, 0% used [0x00000000e3000000,0x00000000e3000000,0x00000000e3400000)
 ParOldGen       total 40448K, used 8317K [0x00000000a0000000, 0x00000000a2780000, 0x00000000e0000000)
  object space 40448K, 20% used [0x00000000a0000000,0x00000000a081f628,0x00000000a2780000)
 Metaspace       used 25191K, capacity 25964K, committed 26112K, reserved 1071104K
  class space    used 3287K, capacity 3506K, committed 3584K, reserved 1048576K
}
Event: 7.775 GC heap before
{Heap before GC invocations=10 (full 1):
 PSYoungGen      total 53248K, used 53227K [0x00000000e0000000, 0x00000000e3800000, 0x0000000100000000)
  eden space 49152K, 100% used [0x00000000e0000000,0x00000000e3000000,0x00000000e3000000)
  from space 4096K, 99% used [0x00000000e3400000,0x00000000e37facb0,0x00000000e3800000)
  to   space 4096K, 0% used [0x00000000e3000000,0x00000000e3000000,0x00000000e3400000)
 ParOldGen       total 40448K, used 8317K [0x00000000a0000000, 0x00000000a2780000, 0x00000000e0000000)
  object space 40448K, 20% used [0x00000000a0000000,0x00000000a081f628,0x00000000a2780000)
 Metaspace       used 28710K, capacity 29728K, committed 29952K, reserved 1075200K
  class space    used 3754K, capacity 3982K, committed 4096K, reserved 1048576K
Event: 7.785 GC heap after
Heap after GC invocations=10 (full 1):
 PSYoungGen      total 53248K, used 4091K [0x00000000e0000000, 0x00000000e3800000, 0x0000000100000000)
  eden space 49152K, 0% used [0x00000000e0000000,0x00000000e0000000,0x00000000e3000000)
  from space 4096K, 99% used [0x00000000e3000000,0x00000000e33feeb0,0x00000000e3400000)
  to   space 4096K, 0% used [0x00000000e3400000,0x00000000e3400000,0x00000000e3800000)
 ParOldGen       total 40448K, used 12305K [0x00000000a0000000, 0x00000000a2780000, 0x00000000e0000000)
  object space 40448K, 30% used [0x00000000a0000000,0x00000000a0c047b0,0x00000000a2780000)
 Metaspace       used 28710K, capacity 29728K, committed 29952K, reserved 1075200K
  class space    used 3754K, capacity 3982K, committed 4096K, reserved 1048576K
}
Event: 8.659 GC heap before
{Heap before GC invocations=11 (full 1):
 PSYoungGen      total 53248K, used 53229K [0x00000000e0000000, 0x00000000e3800000, 0x0000000100000000)
  eden space 49152K, 99% used [0x00000000e0000000,0x00000000e2ffc670,0x00000000e3000000)
  from space 4096K, 99% used [0x00000000e3000000,0x00000000e33feeb0,0x00000000e3400000)
  to   space 4096K, 0% used [0x00000000e3400000,0x00000000e3400000,0x00000000e3800000)
 ParOldGen       total 40448K, used 12305K [0x00000000a0000000, 0x00000000a2780000, 0x00000000e0000000)
  object space 40448K, 30% used [0x00000000a0000000,0x00000000a0c047b0,0x00000000a2780000)
 Metaspace       used 30771K, capacity 32216K, committed 32512K, reserved 1077248K
  class space    used 4020K, capacity 4310K, committed 4352K, reserved 1048576K
Event: 8.672 GC heap after
Heap after GC invocations=11 (full 1):
 PSYoungGen      total 53248K, used 4079K [0x00000000e0000000, 0x00000000e3800000, 0x0000000100000000)
  eden space 49152K, 0% used [0x00000000e0000000,0x00000000e0000000,0x00000000e3000000)
  from space 4096K, 99% used [0x00000000e3400000,0x00000000e37fbd50,0x00000000e3800000)
  to   space 4096K, 0% used [0x00000000e3000000,0x00000000e3000000,0x00000000e3400000)
 ParOldGen       total 40448K, used 14942K [0x00000000a0000000, 0x00000000a2780000, 0x00000000e0000000)
  object space 40448K, 36% used [0x00000000a0000000,0x00000000a0e97a68,0x00000000a2780000)
 Metaspace       used 30771K, capacity 32216K, committed 32512K, reserved 1077248K
  class space    used 4020K, capacity 4310K, committed 4352K, reserved 1048576K
}
Event: 9.114 GC heap before
{Heap before GC invocations=12 (full 1):
 PSYoungGen      total 53248K, used 53231K [0x00000000e0000000, 0x00000000e3800000, 0x0000000100000000)
  eden space 49152K, 100% used [0x00000000e0000000,0x00000000e3000000,0x00000000e3000000)
  from space 4096K, 99% used [0x00000000e3400000,0x00000000e37fbd50,0x00000000e3800000)
  to   space 4096K, 0% used [0x00000000e3000000,0x00000000e3000000,0x00000000e3400000)
 ParOldGen       total 40448K, used 14942K [0x00000000a0000000, 0x00000000a2780000, 0x00000000e0000000)
  object space 40448K, 36% used [0x00000000a0000000,0x00000000a0e97a68,0x00000000a2780000)
 Metaspace       used 31806K, capacity 33250K, committed 33408K, reserved 1079296K
  class space    used 4130K, capacity 4413K, committed 4480K, reserved 1048576K
Event: 9.121 GC heap after
Heap after GC invocations=12 (full 1):
 PSYoungGen      total 53248K, used 1703K [0x00000000e0000000, 0x00000000e3800000, 0x0000000100000000)
  eden space 49152K, 0% used [0x00000000e0000000,0x00000000e0000000,0x00000000e3000000)
  from space 4096K, 41% used [0x00000000e3000000,0x00000000e31a9dc8,0x00000000e3400000)
  to   space 4096K, 0% used [0x00000000e3400000,0x00000000e3400000,0x00000000e3800000)
 ParOldGen       total 40448K, used 17838K [0x00000000a0000000, 0x00000000a2780000, 0x00000000e0000000)
  object space 40448K, 44% used [0x00000000a0000000,0x00000000a116baa8,0x00000000a2780000)
 Metaspace       used 31806K, capacity 33250K, committed 33408K, reserved 1079296K
  class space    used 4130K, capacity 4413K, committed 4480K, reserved 1048576K
}
Event: 9.984 GC heap before
{Heap before GC invocations=13 (full 1):
 PSYoungGen      total 53248K, used 20861K [0x00000000e0000000, 0x00000000e3800000, 0x0000000100000000)
  eden space 49152K, 38% used [0x00000000e0000000,0x00000000e12b57c8,0x00000000e3000000)
  from space 4096K, 41% used [0x00000000e3000000,0x00000000e31a9dc8,0x00000000e3400000)
  to   space 4096K, 0% used [0x00000000e3400000,0x00000000e3400000,0x00000000e3800000)
 ParOldGen       total 40448K, used 17838K [0x00000000a0000000, 0x00000000a2780000, 0x00000000e0000000)
  object space 40448K, 44% used [0x00000000a0000000,0x00000000a116baa8,0x00000000a2780000)
 Metaspace       used 33863K, capacity 35354K, committed 35456K, reserved 1079296K
  class space    used 4369K, capacity 4673K, committed 4736K, reserved 1048576K

